<?xml version="1.0" encoding="UTF-8"?>
<!-- Generated by org.testng.reporters.JUnitReportReporter -->
<testsuite hostname="DESKTOP-1MG21S9" failures="0" tests="2" name="testCases.TC005_CartTest" time="7.857" errors="0" timestamp="2025-04-08T19:06:38 IST" skipped="0">
  <testcase classname="testCases.TC005_CartTest" name="verifyDelete" time="6.584"/>
  <testcase classname="testCases.TC005_CartTest" name="verifyPrice" time="1.273"/>
</testsuite> <!-- testCases.TC005_CartTest -->
