<?xml version="1.0" encoding="UTF-8"?>
<!-- Generated by org.testng.reporters.JUnitReportReporter -->
<testsuite hostname="DESKTOP-1MG21S9" failures="0" tests="2" name="testCases.TC006_PurchaseTest" time="2.355" errors="0" timestamp="2025-04-08T19:06:38 IST" skipped="0">
  <testcase classname="testCases.TC006_PurchaseTest" name="verifyPageRedirect" time="0.915"/>
  <testcase classname="testCases.TC006_PurchaseTest" name="verifyPurchase" time="1.440"/>
</testsuite> <!-- testCases.TC006_PurchaseTest -->
