<?xml version="1.0" encoding="UTF-8"?>
<!-- Generated by org.testng.reporters.JUnitReportReporter -->
<testsuite hostname="DESKTOP-1MG21S9" failures="0" tests="3" name="testCases.TC002_LoginTest" time="3.661" errors="0" timestamp="2025-04-08T19:06:38 IST" skipped="0">
  <testcase classname="testCases.TC002_LoginTest" name="verifyLoginVisible" time="0.139"/>
  <testcase classname="testCases.TC002_LoginTest" name="verifyLoginClickable" time="0.052"/>
  <testcase classname="testCases.TC002_LoginTest" name="verifyLogin" time="3.470"/>
</testsuite> <!-- testCases.TC002_LoginTest -->
