<?xml version="1.0" encoding="UTF-8"?>
<!-- Generated by org.testng.reporters.JUnitReportReporter -->
<testsuite hostname="DESKTOP-1MG21S9" failures="0" tests="3" name="testCases.TC001_SignUpTest" time="2.219" errors="0" timestamp="2025-04-08T19:06:38 IST" skipped="0">
  <testcase classname="testCases.TC001_SignUpTest" name="btnSignUpVisible" time="0.819"/>
  <testcase classname="testCases.TC001_SignUpTest" name="btnSignUpClcikable" time="0.399"/>
  <testcase classname="testCases.TC001_SignUpTest" name="verifySignUpBtn" time="1.001"/>
</testsuite> <!-- testCases.TC001_SignUpTest -->
