<?xml version="1.0" encoding="UTF-8"?>
<!-- Generated by org.testng.reporters.JUnitReportReporter -->
<testsuite hostname="DESKTOP-1MG21S9" failures="0" tests="3" name="testCases.TC003_HomeScreenTest" time="1.983" errors="0" timestamp="2025-04-08T19:06:38 IST" skipped="0">
  <testcase classname="testCases.TC003_HomeScreenTest" name="verifyAllMenuDisplay" time="1.817"/>
  <testcase classname="testCases.TC003_HomeScreenTest" name="verifyAllCategories" time="0.126"/>
  <testcase classname="testCases.TC003_HomeScreenTest" name="verifyLogo" time="0.040"/>
</testsuite> <!-- testCases.TC003_HomeScreenTest -->
