<?xml version="1.0" encoding="UTF-8"?>
<testsuite xmlns:xsi="http://www.w3.org/2001/XMLSchema-instance" xsi:schemaLocation="https://maven.apache.org/surefire/maven-surefire-plugin/xsd/surefire-test-report.xsd" name="TestSuite" time="179.334" tests="21" errors="0" skipped="0" failures="0">
  <properties>
    <property name="java.runtime.name" value="Java(TM) SE Runtime Environment"/>
    <property name="java.vm.version" value="17.0.11+7-LTS-207"/>
    <property name="sun.boot.library.path" value="C:\Program Files\Java\jdk-17\bin"/>
    <property name="maven.multiModuleProjectDirectory" value="C:\Users\Welcome\OneDrive\JAT_Mini_Project2\ContactListApp"/>
    <property name="java.vm.vendor" value="Oracle Corporation"/>
    <property name="java.vendor.url" value="https://java.oracle.com/"/>
    <property name="guice.disable.misplaced.annotation.check" value="true"/>
    <property name="path.separator" value=";"/>
    <property name="java.vm.name" value="Java HotSpot(TM) 64-Bit Server VM"/>
    <property name="sun.os.patch.level" value=""/>
    <property name="user.script" value=""/>
    <property name="user.country" value="IN"/>
    <property name="sun.java.launcher" value="SUN_STANDARD"/>
    <property name="java.vm.specification.name" value="Java Virtual Machine Specification"/>
    <property name="user.dir" value="C:\Users\Welcome\OneDrive\JAT_Mini_Project2\ContactListApp"/>
    <property name="java.vm.compressedOopsMode" value="32-bit"/>
    <property name="java.runtime.version" value="17.0.11+7-LTS-207"/>
    <property name="os.arch" value="amd64"/>
    <property name="java.io.tmpdir" value="C:\Users\Welcome\AppData\Local\Temp\"/>
    <property name="line.separator" value="&#10;"/>
    <property name="java.vm.specification.vendor" value="Oracle Corporation"/>
    <property name="user.variant" value=""/>
    <property name="os.name" value="Windows 11"/>
    <property name="classworlds.conf" value="C:\Program Files\apache-maven-3.9.9\bin\m2.conf"/>
    <property name="sun.jnu.encoding" value="Cp1252"/>
    <property name="java.library.path" value="C:\Program Files\Java\jdk-17\bin;C:\WINDOWS\Sun\Java\bin;C:\WINDOWS\system32;C:\WINDOWS;C:\Program Files\Java\jdk-17/bin;C:\Program Files\Java\jdk-17/bin;C:\Program Files\Common Files\Oracle\Java\javapath;C:\Program Files (x86)\Common Files\Oracle\Java\javapath;C:\WINDOWS\system32;C:\WINDOWS;C:\WINDOWS\System32\Wbem;C:\WINDOWS\System32\WindowsPowerShell\v1.0\;C:\WINDOWS\System32\OpenSSH\;C:\Program Files\MySQL\MySQL Server 8.0\bin;C:\Program Files\nodejs\;C:\Program Files\Git\cmd;C:\Program Files\apache-maven-3.9.9\bin;C:\Program Files\Java\jdk-17\bin;C:\Program Files\MySQL\MySQL Shell 8.0\bin\;C:\Users\Welcome\AppData\Local\Microsoft\WindowsApps;C:\Users\Welcome\AppData\Roaming\npm;C:\Users\Welcome\AppData\Local\Programs\Microsoft VS Code\bin;C:\Program Files\apache-maven-3.9.9\bin;C:\Program Files\Java\jdk-17\bin;;."/>
    <property name="maven.conf" value="C:\Program Files\apache-maven-3.9.9/conf"/>
    <property name="jdk.debug" value="release"/>
    <property name="java.class.version" value="61.0"/>
    <property name="java.specification.name" value="Java Platform API Specification"/>
    <property name="sun.management.compiler" value="HotSpot 64-Bit Tiered Compilers"/>
    <property name="os.version" value="10.0"/>
    <property name="library.jansi.path" value="C:\Program Files\apache-maven-3.9.9\lib\jansi-native"/>
    <property name="user.home" value="C:\Users\Welcome"/>
    <property name="user.timezone" value="Asia/Calcutta"/>
    <property name="file.encoding" value="Cp1252"/>
    <property name="java.specification.version" value="17"/>
    <property name="user.name" value="Welcome"/>
    <property name="java.class.path" value="C:\Program Files\apache-maven-3.9.9\boot\plexus-classworlds-2.8.0.jar"/>
    <property name="java.vm.specification.version" value="17"/>
    <property name="sun.arch.data.model" value="64"/>
    <property name="sun.java.command" value="org.codehaus.plexus.classworlds.launcher.Launcher clean test"/>
    <property name="java.home" value="C:\Program Files\Java\jdk-17"/>
    <property name="user.language" value="en"/>
    <property name="java.specification.vendor" value="Oracle Corporation"/>
    <property name="java.vm.info" value="mixed mode, sharing"/>
    <property name="java.version" value="17.0.11"/>
    <property name="native.encoding" value="Cp1252"/>
    <property name="java.vendor" value="Oracle Corporation"/>
    <property name="maven.home" value="C:\Program Files\apache-maven-3.9.9"/>
    <property name="file.separator" value="\"/>
    <property name="java.version.date" value="2024-04-16"/>
    <property name="java.vendor.url.bug" value="https://bugreport.java.com/bugreport/"/>
    <property name="sun.io.unicode.encoding" value="UnicodeLittle"/>
    <property name="sun.cpu.endian" value="little"/>
    <property name="sun.cpu.isalist" value="amd64"/>
  </properties>
  <testcase name="isLoginBtnVisible" classname="testCases.TC001_LoginTest" time="0.144"/>
  <testcase name="isLoginBtnClickable" classname="testCases.TC001_LoginTest" time="0.188"/>
  <testcase name="verifyInvalidLogin" classname="testCases.TC001_LoginTest" time="1.932"/>
  <testcase name="verifyLogin" classname="testCases.TC001_LoginTest" time="1.967"/>
  <testcase name="verifySignUpVisible" classname="testCases.TC002_SignUpTest" time="0.096"/>
  <testcase name="verifySignUpEnabled" classname="testCases.TC002_SignUpTest" time="0.055"/>
  <testcase name="verifySignUpClick" classname="testCases.TC002_SignUpTest" time="1.049"/>
  <testcase name="verifyAddAllFields" classname="testCases.TC003_AddContactTest" time="3.494"/>
  <testcase name="verifyAddDuplicateFields" classname="testCases.TC003_AddContactTest" time="5.694"/>
  <testcase name="verifyInvalidDOBFormat" classname="testCases.TC003_AddContactTest" time="4.375"/>
  <testcase name="verifyAddWoOptionalFields" classname="testCases.TC003_AddContactTest" time="4.08"/>
  <testcase name="isAlertComingForDelete" classname="testCases.TC004_DeleteContactTest" time="3.599"/>
  <testcase name="verifyDeleteContact" classname="testCases.TC004_DeleteContactTest" time="2.75"/>
  <testcase name="verifyAddedContact" classname="testCases.TC005_ContactDisplayTest" time="2.164"/>
  <testcase name="verifyPhoneNumberExtensions" classname="testCases.TC005_ContactDisplayTest" time="1.037"/>
  <testcase name="verifySortLastName" classname="testCases.TC005_ContactDisplayTest" time="0.446"/>
  <testcase name="verifyPageRedirectContact" classname="testCases.TC006_EditContactTest" time="1.006"/>
  <testcase name="verifyEditContactDetails" classname="testCases.TC006_EditContactTest" time="5.879"/>
  <testcase name="verifySaveEmptyFields" classname="testCases.TC006_EditContactTest" time="2.524"/>
  <testcase name="verifyBtnLogoutVisible" classname="testCases.TC007_LogoutTest" time="1.408"/>
  <testcase name="verifyBtnLogout" classname="testCases.TC007_LogoutTest" time="1.363"/>
</testsuite>