<?xml version="1.0" encoding="UTF-8"?>
<!-- Generated by org.testng.reporters.JUnitReportReporter -->
<testsuite hostname="DESKTOP-1MG21S9" failures="0" tests="3" name="testCases.TC006_EditContactTest" time="12.623" errors="0" timestamp="2025-04-09T21:02:46 IST" skipped="0">
  <testcase classname="testCases.TC006_EditContactTest" name="verifyPageRedirectContact" time="1.962"/>
  <testcase classname="testCases.TC006_EditContactTest" name="verifyEditContactDetails" time="6.992"/>
  <testcase classname="testCases.TC006_EditContactTest" name="verifySaveEmptyFields" time="3.669"/>
</testsuite> <!-- testCases.TC006_EditContactTest -->
