<?xml version="1.0" encoding="UTF-8"?>
<!-- Generated by org.testng.reporters.JUnitReportReporter -->
<testsuite hostname="DESKTOP-1MG21S9" failures="0" tests="12" name="testCases.TC001_LoginTest" time="10.558" errors="0" timestamp="2025-03-31T14:04:31 IST" skipped="0">
  <testcase classname="testCases.TC001_LoginTest" name="isLoginBtnVisible" time="0.056"/>
  <testcase classname="testCases.TC001_LoginTest" name="isLoginBtnVisible" time="0.314"/>
  <testcase classname="testCases.TC001_LoginTest" name="isLoginBtnVisible" time="0.216"/>
  <testcase classname="testCases.TC001_LoginTest" name="isLoginBtnClickable" time="0.063"/>
  <testcase classname="testCases.TC001_LoginTest" name="isLoginBtnClickable" time="0.013"/>
  <testcase classname="testCases.TC001_LoginTest" name="isLoginBtnClickable" time="0.027"/>
  <testcase classname="testCases.TC001_LoginTest" name="verifyInvalidLogin" time="1.013"/>
  <testcase classname="testCases.TC001_LoginTest" name="verifyInvalidLogin" time="1.969"/>
  <testcase classname="testCases.TC001_LoginTest" name="verifyInvalidLogin" time="0.858"/>
  <testcase classname="testCases.TC001_LoginTest" name="verifyLogin" time="2.406"/>
  <testcase classname="testCases.TC001_LoginTest" name="verifyLogin" time="1.685"/>
  <testcase classname="testCases.TC001_LoginTest" name="verifyLogin" time="1.938"/>
</testsuite> <!-- testCases.TC001_LoginTest -->
