<?xml version="1.0" encoding="UTF-8"?>
<!-- Generated by org.testng.reporters.JUnitReportReporter -->
<testsuite hostname="DESKTOP-1MG21S9" failures="0" tests="6" name="testCases.TC007_LogoutTest" time="6.344" errors="0" timestamp="2025-03-31T14:04:31 IST" skipped="0">
  <testcase classname="testCases.TC007_LogoutTest" name="verifyBtnLogoutVisible" time="1.446"/>
  <testcase classname="testCases.TC007_LogoutTest" name="verifyBtnLogoutVisible" time="1.265"/>
  <testcase classname="testCases.TC007_LogoutTest" name="verifyBtnLogoutVisible" time="0.683"/>
  <testcase classname="testCases.TC007_LogoutTest" name="verifyBtnLogout" time="1.044"/>
  <testcase classname="testCases.TC007_LogoutTest" name="verifyBtnLogout" time="0.979"/>
  <testcase classname="testCases.TC007_LogoutTest" name="verifyBtnLogout" time="0.927"/>
</testsuite> <!-- testCases.TC007_LogoutTest -->
