<?xml version="1.0" encoding="UTF-8"?>
<!-- Generated by org.testng.reporters.JUnitReportReporter -->
<testsuite hostname="DESKTOP-1MG21S9" failures="0" tests="4" name="testCases.TC001_LoginTest" time="3.019" errors="0" timestamp="2025-04-09T21:02:46 IST" skipped="0">
  <testcase classname="testCases.TC001_LoginTest" name="isLoginBtnVisible" time="0.048"/>
  <testcase classname="testCases.TC001_LoginTest" name="isLoginBtnClickable" time="0.041"/>
  <testcase classname="testCases.TC001_LoginTest" name="verifyInvalidLogin" time="1.192"/>
  <testcase classname="testCases.TC001_LoginTest" name="verifyLogin" time="1.738"/>
</testsuite> <!-- testCases.TC001_LoginTest -->
