<?xml version="1.0" encoding="UTF-8"?>
<!-- Generated by org.testng.reporters.JUnitReportReporter -->
<testsuite hostname="DESKTOP-1MG21S9" failures="0" tests="1" name="testCases.TC005_ContactDisplayTest" time="3.466" errors="0" timestamp="2025-03-31T20:25:45 IST" skipped="0">
  <testcase classname="testCases.TC005_ContactDisplayTest" name="verifyAddedContact" time="3.466"/>
</testsuite> <!-- testCases.TC005_ContactDisplayTest -->
