<?xml version="1.0" encoding="UTF-8"?>
<!-- Generated by org.testng.reporters.JUnitReportReporter -->
<testsuite hostname="DESKTOP-1MG21S9" failures="0" tests="3" name="testCases.TC006_EditContactTest" time="17.247" errors="0" timestamp="2025-03-31T20:52:20 IST" skipped="0">
  <testcase classname="testCases.TC006_EditContactTest" name="verifyPageRedirectContact" time="5.272"/>
  <testcase classname="testCases.TC006_EditContactTest" name="verifyEditContactDetails" time="7.554"/>
  <testcase classname="testCases.TC006_EditContactTest" name="verifySaveEmptyFields" time="4.421"/>
</testsuite> <!-- testCases.TC006_EditContactTest -->
