<?xml version="1.0" encoding="UTF-8"?>
<!-- Generated by org.testng.reporters.JUnitReportReporter -->
<testsuite hostname="DESKTOP-1MG21S9" failures="0" tests="4" name="testCases.LoginTest" time="2.195" errors="0" timestamp="2025-03-24T22:48:11 IST" skipped="0">
  <testcase classname="testCases.LoginTest" name="isLoginBtnVisible" time="0.050"/>
  <testcase classname="testCases.LoginTest" name="isLoginBtnClickable" time="0.033"/>
  <testcase classname="testCases.LoginTest" name="verifyInvalidLogin" time="0.710"/>
  <testcase classname="testCases.LoginTest" name="verifyLogin" time="1.402"/>
</testsuite> <!-- testCases.LoginTest -->
