<?xml version="1.0" encoding="UTF-8"?>
<!-- Generated by org.testng.reporters.JUnitReportReporter -->
<testsuite hostname="DESKTOP-1MG21S9" failures="0" tests="3" name="testCases.TC002_SignUpTest" time="1.266" errors="0" timestamp="2025-04-09T21:02:46 IST" skipped="0">
  <testcase classname="testCases.TC002_SignUpTest" name="verifySignUpVisible" time="0.086"/>
  <testcase classname="testCases.TC002_SignUpTest" name="verifySignUpEnabled" time="0.066"/>
  <testcase classname="testCases.TC002_SignUpTest" name="verifySignUpClick" time="1.114"/>
</testsuite> <!-- testCases.TC002_SignUpTest -->
