<?xml version="1.0" encoding="UTF-8"?>
<!-- Generated by org.testng.reporters.JUnitReportReporter -->
<testsuite hostname="DESKTOP-1MG21S9" failures="0" tests="4" name="testCases.TC003_AddContactTest" time="18.316" errors="0" timestamp="2025-04-09T21:02:46 IST" skipped="0">
  <testcase classname="testCases.TC003_AddContactTest" name="verifyAddAllFields" time="3.751"/>
  <testcase classname="testCases.TC003_AddContactTest" name="verifyAddDuplicateFields" time="4.343"/>
  <testcase classname="testCases.TC003_AddContactTest" name="verifyInvalidDOBFormat" time="4.787"/>
  <testcase classname="testCases.TC003_AddContactTest" name="verifyAddWoOptionalFields" time="5.435"/>
</testsuite> <!-- testCases.TC003_AddContactTest -->
