<?xml version="1.0" encoding="UTF-8"?>
<!-- Generated by org.testng.reporters.JUnitReportReporter -->
<testsuite hostname="DESKTOP-1MG21S9" failures="0" tests="3" name="testCases.SignUpTest" time="1.020" errors="0" timestamp="2025-03-24T22:48:11 IST" skipped="0">
  <testcase classname="testCases.SignUpTest" name="verifySignUpVisible" time="0.053"/>
  <testcase classname="testCases.SignUpTest" name="verifySignUpEnabled" time="0.027"/>
  <testcase classname="testCases.SignUpTest" name="verifySignUpClick" time="0.940"/>
</testsuite> <!-- testCases.SignUpTest -->
