<?xml version="1.0" encoding="UTF-8"?>
<!-- Generated by org.testng.reporters.JUnitReportReporter -->
<testsuite hostname="DESKTOP-1MG21S9" failures="0" tests="2" name="testCases.TC004_DeleteContactTest" time="5.009" errors="0" timestamp="2025-04-09T21:02:46 IST" skipped="0">
  <testcase classname="testCases.TC004_DeleteContactTest" name="isAlertComingForDelete" time="2.496"/>
  <testcase classname="testCases.TC004_DeleteContactTest" name="verifyDeleteContact" time="2.513"/>
</testsuite> <!-- testCases.TC004_DeleteContactTest -->
