<?xml version="1.0" encoding="UTF-8"?>
<!-- Generated by org.testng.reporters.JUnitReportReporter -->
<testsuite hostname="DESKTOP-1MG21S9" failures="0" tests="1" name="testCases.DeleteContactTest" time="33.685" errors="0" timestamp="2025-03-27T06:02:07 IST" skipped="0">
  <testcase classname="testCases.DeleteContactTest" name="verifyDeleteContact" time="33.685"/>
</testsuite> <!-- testCases.DeleteContactTest -->
