<?xml version="1.0" encoding="UTF-8"?>
<!-- Generated by org.testng.reporters.JUnitReportReporter -->
<testsuite hostname="DESKTOP-1MG21S9" failures="0" tests="2" name="testCases.TC007_LogoutTest" time="1.728" errors="0" timestamp="2025-04-09T21:02:46 IST" skipped="0">
  <testcase classname="testCases.TC007_LogoutTest" name="verifyBtnLogoutVisible" time="0.991"/>
  <testcase classname="testCases.TC007_LogoutTest" name="verifyBtnLogout" time="0.737"/>
</testsuite> <!-- testCases.TC007_LogoutTest -->
