<?xml version="1.0" encoding="UTF-8"?>
<!-- Generated by org.testng.reporters.JUnitReportReporter -->
<testsuite hostname="DESKTOP-1MG21S9" failures="0" tests="9" name="testCases.TC002_SignUpTest" time="3.856" errors="0" timestamp="2025-03-31T14:04:31 IST" skipped="0">
  <testcase classname="testCases.TC002_SignUpTest" name="verifySignUpVisible" time="0.044"/>
  <testcase classname="testCases.TC002_SignUpTest" name="verifySignUpVisible" time="0.139"/>
  <testcase classname="testCases.TC002_SignUpTest" name="verifySignUpVisible" time="0.042"/>
  <testcase classname="testCases.TC002_SignUpTest" name="verifySignUpEnabled" time="0.033"/>
  <testcase classname="testCases.TC002_SignUpTest" name="verifySignUpEnabled" time="0.021"/>
  <testcase classname="testCases.TC002_SignUpTest" name="verifySignUpEnabled" time="0.027"/>
  <testcase classname="testCases.TC002_SignUpTest" name="verifySignUpClick" time="1.211"/>
  <testcase classname="testCases.TC002_SignUpTest" name="verifySignUpClick" time="0.929"/>
  <testcase classname="testCases.TC002_SignUpTest" name="verifySignUpClick" time="1.410"/>
</testsuite> <!-- testCases.TC002_SignUpTest -->
