<?xml version="1.0" encoding="UTF-8"?>
<!-- Generated by org.testng.reporters.JUnitReportReporter -->
<testsuite hostname="DESKTOP-1MG21S9" failures="0" tests="2" name="testCases.TC006_PurchaseTest" time="1.525" errors="0" timestamp="2025-04-09T22:46:01 IST" skipped="0">
  <testcase classname="testCases.TC006_PurchaseTest" name="verifyPageRedirect" time="0.720"/>
  <testcase classname="testCases.TC006_PurchaseTest" name="verifyPurchase" time="0.805"/>
</testsuite> <!-- testCases.TC006_PurchaseTest -->
