<?xml version="1.0" encoding="UTF-8"?>
<!-- Generated by org.testng.reporters.JUnitReportReporter -->
<testsuite hostname="DESKTOP-1MG21S9" failures="0" tests="3" name="testCases.TC003_HomeScreenTest" time="2.865" errors="0" timestamp="2025-04-09T22:46:01 IST" skipped="0">
  <testcase classname="testCases.TC003_HomeScreenTest" name="verifyAllMenuDisplay" time="2.757"/>
  <testcase classname="testCases.TC003_HomeScreenTest" name="verifyAllCategories" time="0.081"/>
  <testcase classname="testCases.TC003_HomeScreenTest" name="verifyLogo" time="0.027"/>
</testsuite> <!-- testCases.TC003_HomeScreenTest -->
