<?xml version="1.0" encoding="UTF-8"?>
<!-- Generated by org.testng.reporters.JUnitReportReporter -->
<testsuite hostname="DESKTOP-1MG21S9" failures="0" tests="3" name="testCases.TC001_SignUpTest" time="0.892" errors="0" timestamp="2025-04-09T22:46:01 IST" skipped="0">
  <testcase classname="testCases.TC001_SignUpTest" name="btnSignUpVisible" time="0.104"/>
  <testcase classname="testCases.TC001_SignUpTest" name="btnSignUpClcikable" time="0.044"/>
  <testcase classname="testCases.TC001_SignUpTest" name="verifySignUpBtn" time="0.744"/>
</testsuite> <!-- testCases.TC001_SignUpTest -->
