<?xml version="1.0" encoding="UTF-8"?>
<!-- Generated by org.testng.reporters.JUnitReportReporter -->
<testsuite hostname="DESKTOP-1MG21S9" failures="0" tests="2" name="testCases.TC007_LogoutTest" time="0.610" errors="0" timestamp="2025-04-08T18:48:06 IST" skipped="0">
  <testcase classname="testCases.TC007_LogoutTest" name="verifyLogOutvisible" time="0.104"/>
  <testcase classname="testCases.TC007_LogoutTest" name="verifyLogoutRedirect" time="0.506"/>
</testsuite> <!-- testCases.TC007_LogoutTest -->
