<?xml version="1.0" encoding="UTF-8"?>
<!-- Generated by org.testng.reporters.JUnitReportReporter -->
<testsuite hostname="DESKTOP-1MG21S9" failures="0" tests="3" name="testCases.TC002_LoginTest" time="3.682" errors="0" timestamp="2025-04-09T22:46:01 IST" skipped="0">
  <testcase classname="testCases.TC002_LoginTest" name="verifyLoginVisible" time="0.051"/>
  <testcase classname="testCases.TC002_LoginTest" name="verifyLoginClickable" time="0.035"/>
  <testcase classname="testCases.TC002_LoginTest" name="verifyLogin" time="3.596"/>
</testsuite> <!-- testCases.TC002_LoginTest -->
