<?xml version="1.0" encoding="UTF-8"?>
<!-- Generated by org.testng.reporters.JUnitReportReporter -->
<testsuite hostname="DESKTOP-1MG21S9" failures="0" tests="3" name="testCases.TC004_ProductCategoryDisplayTest" time="9.274" errors="0" timestamp="2025-04-09T22:46:01 IST" skipped="0">
  <testcase classname="testCases.TC004_ProductCategoryDisplayTest" name="verifyClickProduct" time="1.834"/>
  <testcase classname="testCases.TC004_ProductCategoryDisplayTest" name="verifyProductdetails" time="0.693"/>
  <testcase classname="testCases.TC004_ProductCategoryDisplayTest" name="verifyAddToCart" time="6.747"/>
</testsuite> <!-- testCases.TC004_ProductCategoryDisplayTest -->
