<?xml version="1.0" encoding="UTF-8"?>
<!-- Generated by org.testng.reporters.JUnitReportReporter -->
<testsuite hostname="DESKTOP-1MG21S9" failures="0" tests="3" name="testCases.TC002_LoginTest" time="4.585" errors="0" timestamp="2025-04-08T18:13:10 IST" skipped="0">
  <testcase classname="testCases.TC002_LoginTest" name="verifyLoginVisible" time="0.104"/>
  <testcase classname="testCases.TC002_LoginTest" name="verifyLoginClickable" time="0.038"/>
  <testcase classname="testCases.TC002_LoginTest" name="verifyLogin" time="4.443"/>
</testsuite> <!-- testCases.TC002_LoginTest -->
