<?xml version="1.0" encoding="UTF-8"?>
<!-- Generated by org.testng.reporters.JUnitReportReporter -->
<testsuite hostname="DESKTOP-1MG21S9" failures="0" tests="2" name="testCases.TC005_CartTest" time="6.327" errors="0" timestamp="2025-04-09T22:46:01 IST" skipped="0">
  <testcase classname="testCases.TC005_CartTest" name="verifyDelete" time="5.172"/>
  <testcase classname="testCases.TC005_CartTest" name="verifyPrice" time="1.155"/>
</testsuite> <!-- testCases.TC005_CartTest -->
