<?xml version="1.0" encoding="UTF-8"?>
<!-- Generated by org.testng.reporters.JUnitReportReporter -->
<testsuite hostname="DESKTOP-1MG21S9" failures="0" tests="3" name="testCases.TC001_SignUpTest" time="4.435" errors="0" timestamp="2025-04-08T18:10:01 IST" skipped="0">
  <testcase classname="testCases.TC001_SignUpTest" name="btnSignUpVisible" time="2.388"/>
  <testcase classname="testCases.TC001_SignUpTest" name="btnSignUpClcikable" time="0.978"/>
  <testcase classname="testCases.TC001_SignUpTest" name="verifySignUpBtn" time="1.069"/>
</testsuite> <!-- testCases.TC001_SignUpTest -->
