<?xml version="1.0" encoding="UTF-8"?>
<!-- Generated by org.testng.reporters.JUnitReportReporter -->
<testsuite hostname="DESKTOP-1MG21S9" failures="0" tests="4" name="testCases.TC003_AddContactTest" time="16.471" errors="0" timestamp="2025-03-31T15:31:02 IST" skipped="0">
  <testcase classname="testCases.TC003_AddContactTest" name="verifyAddAllFields" time="3.764"/>
  <testcase classname="testCases.TC003_AddContactTest" name="verifyAddDuplicateFields" time="4.632"/>
  <testcase classname="testCases.TC003_AddContactTest" name="verifyInvalidDOBFormat" time="5.870"/>
  <testcase classname="testCases.TC003_AddContactTest" name="verifyAddWoOptionalFields" time="2.205"/>
</testsuite> <!-- testCases.TC003_AddContactTest -->
