<?xml version="1.0" encoding="UTF-8"?>
<!-- Generated by org.testng.reporters.JUnitReportReporter -->
<testsuite hostname="DESKTOP-1MG21S9" failures="0" tests="3" name="testCases.TC002_SignUpTest" time="1.189" errors="0" timestamp="2025-04-09T21:13:45 IST" skipped="0">
  <testcase classname="testCases.TC002_SignUpTest" name="verifySignUpVisible" time="0.090"/>
  <testcase classname="testCases.TC002_SignUpTest" name="verifySignUpEnabled" time="0.057"/>
  <testcase classname="testCases.TC002_SignUpTest" name="verifySignUpClick" time="1.042"/>
</testsuite> <!-- testCases.TC002_SignUpTest -->
