<?xml version="1.0" encoding="UTF-8"?>
<!-- Generated by org.testng.reporters.JUnitReportReporter -->
<testsuite hostname="DESKTOP-1MG21S9" failures="0" tests="3" name="testCases.TC006_EditContactTest" time="15.273" errors="0" timestamp="2025-04-09T21:13:45 IST" skipped="0">
  <testcase classname="testCases.TC006_EditContactTest" name="verifyPageRedirectContact" time="2.370"/>
  <testcase classname="testCases.TC006_EditContactTest" name="verifyEditContactDetails" time="7.614"/>
  <testcase classname="testCases.TC006_EditContactTest" name="verifySaveEmptyFields" time="5.289"/>
</testsuite> <!-- testCases.TC006_EditContactTest -->
