<?xml version="1.0" encoding="UTF-8"?>
<!-- Generated by org.testng.reporters.JUnitReportReporter -->
<testsuite hostname="DESKTOP-1MG21S9" failures="0" tests="3" name="testCases.TC005_ContactDisplayTest" time="3.645" errors="0" timestamp="2025-04-09T21:13:45 IST" skipped="0">
  <testcase classname="testCases.TC005_ContactDisplayTest" name="verifyAddedContact" time="2.164"/>
  <testcase classname="testCases.TC005_ContactDisplayTest" name="verifyPhoneNumberExtensions" time="1.037"/>
  <testcase classname="testCases.TC005_ContactDisplayTest" name="verifySortLastName" time="0.444"/>
</testsuite> <!-- testCases.TC005_ContactDisplayTest -->
