<?xml version="1.0" encoding="UTF-8"?>
<!-- Generated by org.testng.reporters.JUnitReportReporter -->
<testsuite hostname="DESKTOP-1MG21S9" failures="0" tests="2" name="testCases.TC007_LogoutTest" time="3.947" errors="0" timestamp="2025-03-31T15:31:02 IST" skipped="0">
  <testcase classname="testCases.TC007_LogoutTest" name="verifyBtnLogoutVisible" time="1.890"/>
  <testcase classname="testCases.TC007_LogoutTest" name="verifyBtnLogout" time="2.057"/>
</testsuite> <!-- testCases.TC007_LogoutTest -->
