<?xml version="1.0" encoding="UTF-8"?>
<!-- Generated by org.testng.reporters.JUnitReportReporter -->
<testsuite hostname="DESKTOP-1MG21S9" failures="0" tests="2" name="testCases.TC006_EditContactTest" time="7.617" errors="0" timestamp="2025-03-31T15:31:02 IST" skipped="0">
  <testcase classname="testCases.TC006_EditContactTest" name="verifyPageRedirectContact" time="2.169"/>
  <testcase classname="testCases.TC006_EditContactTest" name="verifyEditContactDetails" time="5.448"/>
</testsuite> <!-- testCases.TC006_EditContactTest -->
