<?xml version="1.0" encoding="UTF-8"?>
<!-- Generated by org.testng.reporters.JUnitReportReporter -->
<testsuite hostname="DESKTOP-1MG21S9" failures="0" tests="2" name="testCases.TC007_LogoutTest" time="2.774" errors="0" timestamp="2025-04-09T21:13:45 IST" skipped="0">
  <testcase classname="testCases.TC007_LogoutTest" name="verifyBtnLogoutVisible" time="1.408"/>
  <testcase classname="testCases.TC007_LogoutTest" name="verifyBtnLogout" time="1.366"/>
</testsuite> <!-- testCases.TC007_LogoutTest -->
