<?xml version="1.0" encoding="UTF-8"?>
<!-- Generated by org.testng.reporters.JUnitReportReporter -->
<testsuite hostname="DESKTOP-1MG21S9" failures="0" tests="4" name="testCases.TC003_AddContactTest" time="23.211" errors="0" timestamp="2025-04-09T21:13:45 IST" skipped="0">
  <testcase classname="testCases.TC003_AddContactTest" name="verifyAddAllFields" time="4.303"/>
  <testcase classname="testCases.TC003_AddContactTest" name="verifyAddDuplicateFields" time="7.996"/>
  <testcase classname="testCases.TC003_AddContactTest" name="verifyInvalidDOBFormat" time="5.811"/>
  <testcase classname="testCases.TC003_AddContactTest" name="verifyAddWoOptionalFields" time="5.101"/>
</testsuite> <!-- testCases.TC003_AddContactTest -->
