<?xml version="1.0" encoding="UTF-8"?>
<!-- Generated by org.testng.reporters.JUnitReportReporter -->
<testsuite hostname="DESKTOP-1MG21S9" failures="0" tests="2" name="testCases.TC005_ContactDisplayTest" time="3.728" errors="0" timestamp="2025-03-31T15:31:02 IST" skipped="0">
  <testcase classname="testCases.TC005_ContactDisplayTest" name="verifyAddedContact" time="1.541"/>
  <testcase classname="testCases.TC005_ContactDisplayTest" name="verifyPhoneNumberExtensions" time="2.187"/>
</testsuite> <!-- testCases.TC005_ContactDisplayTest -->
