<?xml version="1.0" encoding="UTF-8"?>
<!-- Generated by org.testng.reporters.JUnitReportReporter -->
<testsuite hostname="DESKTOP-1MG21S9" failures="0" tests="3" name="testCases.TC002_SignUpTest" time="0.880" errors="0" timestamp="2025-03-31T15:31:02 IST" skipped="0">
  <testcase classname="testCases.TC002_SignUpTest" name="verifySignUpVisible" time="0.045"/>
  <testcase classname="testCases.TC002_SignUpTest" name="verifySignUpEnabled" time="0.039"/>
  <testcase classname="testCases.TC002_SignUpTest" name="verifySignUpClick" time="0.796"/>
</testsuite> <!-- testCases.TC002_SignUpTest -->
